<?xml version="1.0" encoding="UTF-8"?>
<!-- Generated by org.testng.reporters.JUnitXMLReporter -->
<testsuite hostname="LAPTOP-TCDUCFMQ" ignored="0" name="Default test" tests="3" failures="0" timestamp="2020-07-26T10:45:21 PDT" time="4.544" errors="0">
  <testcase name="addBook" time="3.18" classname="files.DynamicJson"/>
  <testcase name="addBook" time="0.655" classname="files.DynamicJson"/>
  <testcase name="addBook" time="0.651" classname="files.DynamicJson"/>
</testsuite> <!-- Default test -->
